<?xml version="1.0" encoding="UTF-8"?>
<testsuite xmlns:xsi="http://www.w3.org/2001/XMLSchema-instance" xsi:noNamespaceSchemaLocation="https://maven.apache.org/surefire/maven-surefire-plugin/xsd/surefire-test-report.xsd" name="src.FizzBuzzTest" time="0.083" tests="4" errors="4" skipped="0" failures="0">
  <properties>
[...]
</properties>
  <testcase name="initializationError" classname="src.FizzBuzzTest" time="0.011">
    <error message="Method should_return_Fizz_when_number_only_multiply_of_3() should be public" type="java.lang.Exception">java.lang.Exception: Method should_return_Fizz_when_number_only_multiply_of_3() should be public
</error>
  </testcase>
  <testcase name="initializationError" classname="src.FizzBuzzTest" time="0">
    <error message="Method should_return_the_same_number_as_string_when_not_number_multiply_of_3_or_5() should be public" type="java.lang.Exception">java.lang.Exception: Method should_return_the_same_number_as_string_when_not_number_multiply_of_3_or_5() should be public
</error>
  </testcase>
  <testcase name="initializationError" classname="src.FizzBuzzTest" time="0.001">
    <error message="Method should_return_Bizz_when_number_only_multiply_of_5() should be public" type="java.lang.Exception">java.lang.Exception: Method should_return_Bizz_when_number_only_multiply_of_5() should be public
</error>
  </testcase>
  <testcase name="initializationError" classname="src.FizzBuzzTest" time="0.001">
    <error message="Method should_return_FizzBuzz_when_number_multiply_of_3_and_5() should be public" type="java.lang.Exception">java.lang.Exception: Method should_return_FizzBuzz_when_number_multiply_of_3_and_5() should be public
</error>
  </testcase>
</testsuite>